<?xml version="1.0" encoding="UTF-8"?>
<!-- Generated by org.testng.reporters.JUnitXMLReporter -->
<testsuite ignored="0" hostname="NDI-LAP-057" failures="0" tests="3" name="Test" time="19.099" errors="0" timestamp="2023-04-08T23:25:38 IST">
  <testcase classname="seleniumTraining.MavenTraining" name="Test1" time="2.802"/>
  <testcase classname="seleniumTraining.MavenTraining" name="Test2" time="2.742"/>
  <testcase classname="seleniumTraining.MavenTraining" name="Test3" time="9.35"/>
</testsuite> <!-- Test -->
