<?xml version="1.0" encoding="UTF-8"?>
<!-- Generated by org.testng.reporters.JUnitXMLReporter -->
<testsuite ignored="0" hostname="NDI-LAP-057" failures="0" tests="3" name="Test" time="11.975" errors="0" timestamp="2023-04-08T23:34:22 IST">
  <testcase classname="seleniumTraining.MavenTraining" name="Test1" time="2.414"/>
  <testcase classname="seleniumTraining.MavenTraining" name="Test2" time="2.519"/>
  <testcase classname="seleniumTraining.MavenTraining" name="Test3" time="2.802"/>
</testsuite> <!-- Test -->
