<?xml version="1.0" encoding="UTF-8"?>
<testng-results ignored="0" total="3" passed="3" failed="0" skipped="0">
  <reporter-output>
  </reporter-output>
  <suite started-at="2023-04-08T23:34:10 IST" name="Suite" finished-at="2023-04-08T23:34:22 IST" duration-ms="11975">
    <groups>
    </groups>
    <test started-at="2023-04-08T23:34:10 IST" name="Test" finished-at="2023-04-08T23:34:22 IST" duration-ms="11975">
      <class name="seleniumTraining.MavenTraining">
        <test-method is-config="true" signature="launchDriver()[pri:0, instance:seleniumTraining.MavenTraining@60099951]" started-at="2023-04-08T23:34:10 IST" name="launchDriver" finished-at="2023-04-08T23:34:11 IST" duration-ms="1705" status="PASS">
          <reporter-output>
          </reporter-output>
        </test-method> <!-- launchDriver -->
        <test-method signature="Test1()[pri:0, instance:seleniumTraining.MavenTraining@60099951]" started-at="2023-04-08T23:34:11 IST" name="Test1" finished-at="2023-04-08T23:34:14 IST" duration-ms="2414" status="PASS">
          <reporter-output>
          </reporter-output>
        </test-method> <!-- Test1 -->
        <test-method is-config="true" signature="quitborwser()[pri:0, instance:seleniumTraining.MavenTraining@60099951]" started-at="2023-04-08T23:34:14 IST" name="quitborwser" finished-at="2023-04-08T23:34:14 IST" duration-ms="206" status="PASS">
          <reporter-output>
          </reporter-output>
        </test-method> <!-- quitborwser -->
        <test-method is-config="true" signature="launchDriver()[pri:0, instance:seleniumTraining.MavenTraining@60099951]" started-at="2023-04-08T23:34:14 IST" name="launchDriver" finished-at="2023-04-08T23:34:15 IST" duration-ms="923" status="PASS">
          <reporter-output>
          </reporter-output>
        </test-method> <!-- launchDriver -->
        <test-method signature="Test2()[pri:0, instance:seleniumTraining.MavenTraining@60099951]" started-at="2023-04-08T23:34:15 IST" name="Test2" finished-at="2023-04-08T23:34:18 IST" duration-ms="2519" status="PASS">
          <reporter-output>
          </reporter-output>
        </test-method> <!-- Test2 -->
        <test-method is-config="true" signature="quitborwser()[pri:0, instance:seleniumTraining.MavenTraining@60099951]" started-at="2023-04-08T23:34:18 IST" name="quitborwser" finished-at="2023-04-08T23:34:18 IST" duration-ms="206" status="PASS">
          <reporter-output>
          </reporter-output>
        </test-method> <!-- quitborwser -->
        <test-method is-config="true" signature="launchDriver()[pri:0, instance:seleniumTraining.MavenTraining@60099951]" started-at="2023-04-08T23:34:18 IST" name="launchDriver" finished-at="2023-04-08T23:34:19 IST" duration-ms="943" status="PASS">
          <reporter-output>
          </reporter-output>
        </test-method> <!-- launchDriver -->
        <test-method signature="Test3()[pri:0, instance:seleniumTraining.MavenTraining@60099951]" started-at="2023-04-08T23:34:19 IST" name="Test3" finished-at="2023-04-08T23:34:21 IST" duration-ms="2802" status="PASS">
          <reporter-output>
          </reporter-output>
        </test-method> <!-- Test3 -->
        <test-method is-config="true" signature="quitborwser()[pri:0, instance:seleniumTraining.MavenTraining@60099951]" started-at="2023-04-08T23:34:21 IST" name="quitborwser" finished-at="2023-04-08T23:34:22 IST" duration-ms="215" status="PASS">
          <reporter-output>
          </reporter-output>
        </test-method> <!-- quitborwser -->
      </class> <!-- seleniumTraining.MavenTraining -->
    </test> <!-- Test -->
  </suite> <!-- Suite -->
</testng-results>
