<?xml version="1.0" encoding="UTF-8"?>
<testng-results ignored="0" total="3" passed="3" failed="0" skipped="0">
  <reporter-output>
  </reporter-output>
  <suite started-at="2023-04-08T23:25:19 IST" name="Suite" finished-at="2023-04-08T23:25:38 IST" duration-ms="19099">
    <groups>
    </groups>
    <test started-at="2023-04-08T23:25:19 IST" name="Test" finished-at="2023-04-08T23:25:38 IST" duration-ms="19099">
      <class name="seleniumTraining.MavenTraining">
        <test-method is-config="true" signature="launchDriver()[pri:0, instance:seleniumTraining.MavenTraining@5d0bf09b]" started-at="2023-04-08T23:25:19 IST" name="launchDriver" finished-at="2023-04-08T23:25:21 IST" duration-ms="1629" status="PASS">
          <reporter-output>
          </reporter-output>
        </test-method> <!-- launchDriver -->
        <test-method signature="Test1()[pri:0, instance:seleniumTraining.MavenTraining@5d0bf09b]" started-at="2023-04-08T23:25:21 IST" name="Test1" finished-at="2023-04-08T23:25:23 IST" duration-ms="2802" status="PASS">
          <reporter-output>
          </reporter-output>
        </test-method> <!-- Test1 -->
        <test-method is-config="true" signature="quitborwser()[pri:0, instance:seleniumTraining.MavenTraining@5d0bf09b]" started-at="2023-04-08T23:25:23 IST" name="quitborwser" finished-at="2023-04-08T23:25:24 IST" duration-ms="215" status="PASS">
          <reporter-output>
          </reporter-output>
        </test-method> <!-- quitborwser -->
        <test-method is-config="true" signature="launchDriver()[pri:0, instance:seleniumTraining.MavenTraining@5d0bf09b]" started-at="2023-04-08T23:25:24 IST" name="launchDriver" finished-at="2023-04-08T23:25:24 IST" duration-ms="891" status="PASS">
          <reporter-output>
          </reporter-output>
        </test-method> <!-- launchDriver -->
        <test-method signature="Test2()[pri:0, instance:seleniumTraining.MavenTraining@5d0bf09b]" started-at="2023-04-08T23:25:24 IST" name="Test2" finished-at="2023-04-08T23:25:27 IST" duration-ms="2742" status="PASS">
          <reporter-output>
          </reporter-output>
        </test-method> <!-- Test2 -->
        <test-method is-config="true" signature="quitborwser()[pri:0, instance:seleniumTraining.MavenTraining@5d0bf09b]" started-at="2023-04-08T23:25:27 IST" name="quitborwser" finished-at="2023-04-08T23:25:27 IST" duration-ms="205" status="PASS">
          <reporter-output>
          </reporter-output>
        </test-method> <!-- quitborwser -->
        <test-method is-config="true" signature="launchDriver()[pri:0, instance:seleniumTraining.MavenTraining@5d0bf09b]" started-at="2023-04-08T23:25:27 IST" name="launchDriver" finished-at="2023-04-08T23:25:28 IST" duration-ms="930" status="PASS">
          <reporter-output>
          </reporter-output>
        </test-method> <!-- launchDriver -->
        <test-method signature="Test3()[pri:0, instance:seleniumTraining.MavenTraining@5d0bf09b]" started-at="2023-04-08T23:25:28 IST" name="Test3" finished-at="2023-04-08T23:25:38 IST" duration-ms="9350" status="PASS">
          <reporter-output>
          </reporter-output>
        </test-method> <!-- Test3 -->
        <test-method is-config="true" signature="quitborwser()[pri:0, instance:seleniumTraining.MavenTraining@5d0bf09b]" started-at="2023-04-08T23:25:38 IST" name="quitborwser" finished-at="2023-04-08T23:25:38 IST" duration-ms="290" status="PASS">
          <reporter-output>
          </reporter-output>
        </test-method> <!-- quitborwser -->
      </class> <!-- seleniumTraining.MavenTraining -->
    </test> <!-- Test -->
  </suite> <!-- Suite -->
</testng-results>
